{"/Users/antonzyhar/Downloads/Git/anton.zyhar/src/App.jsx": {"path":"/Users/antonzyhar/Downloads/Git/anton.zyhar/src/App.jsx","statementMap":{"0":{"start":{"line":3,"column":19},"end":{"line":5,"column":1}},"1":{"start":{"line":4,"column":2},"end":{"line":4,"column":36}}},"fnMap":{"0":{"name":"(anonymous_0)","decl":{"start":{"line":3,"column":19},"end":{"line":3,"column":20}},"loc":{"start":{"line":3,"column":25},"end":{"line":5,"column":1}},"line":3}},"branchMap":{},"s":{"0":0,"1":0},"f":{"0":0},"b":{}}
,"/Users/antonzyhar/Downloads/Git/anton.zyhar/src/index.jsx": {"path":"/Users/antonzyhar/Downloads/Git/anton.zyhar/src/index.jsx","statementMap":{"0":{"start":{"line":7,"column":0},"end":{"line":7,"column":59}}},"fnMap":{},"branchMap":{},"s":{"0":0},"f":{},"b":{}}
,"/Users/antonzyhar/Downloads/Git/anton.zyhar/src/components/button.jsx": {"path":"/Users/antonzyhar/Downloads/Git/anton.zyhar/src/components/button.jsx","statementMap":{"0":{"start":{"line":3,"column":22},"end":{"line":5,"column":1}},"1":{"start":{"line":4,"column":2},"end":{"line":4,"column":17}}},"fnMap":{"0":{"name":"(anonymous_0)","decl":{"start":{"line":3,"column":22},"end":{"line":3,"column":23}},"loc":{"start":{"line":3,"column":32},"end":{"line":5,"column":1}},"line":3}},"branchMap":{},"s":{"0":0,"1":0},"f":{"0":0},"b":{}}
}
